#
# There is insufficient memory for the Java Runtime Environment to continue.
# Native memory allocation (malloc) failed to allocate 964784 bytes for Chunk::new
# Possible reasons:
#   The system is out of physical RAM or swap space
#   In 32 bit mode, the process size limit was hit
# Possible solutions:
#   Reduce memory load on the system
#   Increase physical memory or swap space
#   Check if swap backing store is full
#   Use 64 bit Java on a 64 bit OS
#   Decrease Java heap size (-Xmx/-Xms)
#   Decrease number of Java threads
#   Decrease Java thread stack sizes (-Xss)
#   Set larger code cache with -XX:ReservedCodeCacheSize=
# This output file may be truncated or incomplete.
#
#  Out of Memory Error (allocation.cpp:390), pid=11044, tid=8668
#
# JRE version: Java(TM) SE Runtime Environment (8.0_73-b02) (build 1.8.0_73-b02)
# Java VM: Java HotSpot(TM) 64-Bit Server VM (25.73-b02 mixed mode windows-amd64 compressed oops)
# Failed to write core dump. Minidumps are not enabled by default on client versions of Windows
#

---------------  T H R E A D  ---------------

Current thread (0x0000000006042000):  JavaThread "C2 CompilerThread0" daemon [_thread_in_native, id=8668, stack(0x0000000007680000,0x0000000007780000)]

Stack: [0x0000000007680000,0x0000000007780000]
[error occurred during error reporting (printing stack bounds), id 0xc0000005]

Native frames: (J=compiled Java code, j=interpreted, Vv=VM code, C=native code)


Current CompileTask:
C2:   8397 3872   !   4       org.springframework.core.annotation.AnnotationUtils::findAnnotation (205 bytes)


---------------  P R O C E S S  ---------------

Java Threads: ( => current thread )
  0x000000000b639800 JavaThread "Abandoned connection cleanup thread" daemon [_thread_blocked, id=11244, stack(0x000000001f2a0000,0x000000001f3a0000)]
  0x000000000b2d5800 JavaThread "Tomcat JDBC Pool Cleaner[414493378:1494369596324]" daemon [_thread_blocked, id=7720, stack(0x000000001f1a0000,0x000000001f2a0000)]
  0x00000000098f8800 JavaThread "container-0" [_thread_blocked, id=2784, stack(0x000000001e010000,0x000000001e110000)]
  0x00000000098f7800 JavaThread "ContainerBackgroundProcessor[StandardEngine[Tomcat]]" daemon [_thread_blocked, id=12116, stack(0x000000000ef00000,0x000000000f000000)]
  0x000000000e0e0000 JavaThread "localhost-startStop-1" daemon [_thread_blocked, id=12120, stack(0x000000000ee00000,0x000000000ef00000)]
  0x000000000b2b1800 JavaThread "Tomcat-startStop-1" daemon [_thread_blocked, id=11836, stack(0x000000000ed00000,0x000000000ee00000)]
  0x00000000082d4800 JavaThread "RMI TCP Accept-0" daemon [_thread_in_native, id=2956, stack(0x0000000008bc0000,0x0000000008cc0000)]
  0x0000000007d5e800 JavaThread "RMI TCP Accept-54067" daemon [_thread_in_native, id=9268, stack(0x0000000008ac0000,0x0000000008bc0000)]
  0x0000000007d5b800 JavaThread "RMI TCP Accept-0" daemon [_thread_in_native, id=1272, stack(0x00000000089c0000,0x0000000008ac0000)]
  0x00000000079aa800 JavaThread "Service Thread" daemon [_thread_blocked, id=10376, stack(0x0000000007d80000,0x0000000007e80000)]
  0x000000000604c000 JavaThread "C1 CompilerThread2" daemon [_thread_blocked, id=1324, stack(0x0000000007880000,0x0000000007980000)]
  0x0000000006046000 JavaThread "C2 CompilerThread1" daemon [_thread_in_native, id=7436, stack(0x0000000007780000,0x0000000007880000)]
=>0x0000000006042000 JavaThread "C2 CompilerThread0" daemon [_thread_in_native, id=8668, stack(0x0000000007680000,0x0000000007780000)]
  0x000000000603d800 JavaThread "Attach Listener" daemon [_thread_blocked, id=11996, stack(0x0000000007580000,0x0000000007680000)]
  0x000000000603c800 JavaThread "Signal Dispatcher" daemon [_thread_blocked, id=4932, stack(0x0000000007480000,0x0000000007580000)]
  0x0000000002a69000 JavaThread "Finalizer" daemon [_thread_blocked, id=10740, stack(0x00000000072a0000,0x00000000073a0000)]
  0x0000000002a60000 JavaThread "Reference Handler" daemon [_thread_blocked, id=7460, stack(0x00000000071a0000,0x00000000072a0000)]
  0x0000000002974000 JavaThread "main" [_thread_in_vm_trans, id=8600, stack(0x00000000027e0000,0x00000000028e0000)]

Other Threads:
  0x0000000006007000 VMThread [stack: 0x00000000070a0000,0x00000000071a0000] [id=12060]
  0x000000000830c000 WatcherThread [stack: 0x0000000008cc0000,0x0000000008dc0000] [id=3244]

VM state:not at safepoint (normal execution)

VM Mutex/Monitor currently owned by a thread: None

Heap:
 PSYoungGen      total 129024K, used 109757K [0x00000000eb400000, 0x00000000f5f00000, 0x0000000100000000)
  eden space 125440K, 87% used [0x00000000eb400000,0x00000000f1f2f540,0x00000000f2e80000)
  from space 3584K, 0% used [0x00000000f3a80000,0x00000000f3a80000,0x00000000f3e00000)
  to   space 12288K, 0% used [0x00000000f2e80000,0x00000000f2e80000,0x00000000f3a80000)
 ParOldGen       total 52224K, used 24174K [0x00000000c1c00000, 0x00000000c4f00000, 0x00000000eb400000)
  object space 52224K, 46% used [0x00000000c1c00000,0x00000000c339b8f8,0x00000000c4f00000)
 Metaspace       used 41383K, capacity 41754K, committed 42112K, reserved 1085440K
  class space    used 5312K, capacity 5427K, committed 5504K, reserved 1048576K

Card table byte_map: [0x0000000002e30000,0x0000000003030000] byte_map_base: 0x0000000002822000

Marking Bits: (ParMarkBitMap*) 0x0000000062cc0600
 Begin Bits: [0x0000000003580000, 0x0000000004510000)
 End Bits:   [0x0000000004510000, 0x00000000054a0000)

Polling page: 0x00000000007f0000

CodeCache: size=245760Kb used=12223Kb max_used=12817Kb free=233536Kb
 bounds [0x000000000f010000, 0x000000000fcb0000, 0x000000001e010000]
 total_blobs=3885 nmethods=3403 adapters=394
 compilation: enabled

Compilation events (10 events):
Event: 8.365 Thread 0x000000000604c000 nmethod 3910 0x000000000f203ad0 code [0x000000000f203c80, 0x000000000f203ff8]
Event: 8.368 Thread 0x000000000604c000 3911       2       org.springframework.beans.factory.support.AbstractAutowireCapableBeanFactory::applyBeanPostProcessorsAfterInitialization (56 bytes)
Event: 8.369 Thread 0x000000000604c000 nmethod 3911 0x000000000f804a10 code [0x000000000f804ba0, 0x000000000f804e78]
Event: 8.379 Thread 0x000000000604c000 3912       1       org.springframework.beans.factory.support.AbstractBeanFactory::hasDestructionAwareBeanPostProcessors (5 bytes)
Event: 8.379 Thread 0x000000000604c000 nmethod 3912 0x000000000f3c8a10 code [0x000000000f3c8b60, 0x000000000f3c8c70]
Event: 8.383 Thread 0x000000000604c000 3913       2       org.springframework.beans.factory.config.ConstructorArgumentValues::<init> (28 bytes)
Event: 8.384 Thread 0x000000000604c000 nmethod 3913 0x000000000f8044d0 code [0x000000000f804660, 0x000000000f8048e8]
Event: 8.391 Thread 0x000000000604c000 3914   !   2       org.springframework.orm.jpa.support.PersistenceAnnotationBeanPostProcessor::findPersistenceMetadata (166 bytes)
Event: 8.393 Thread 0x000000000604c000 nmethod 3914 0x000000000f35f510 code [0x000000000f35f740, 0x000000000f360058]
Event: 8.393 Thread 0x000000000604c000 3916   !   2       org.springframework.context.annotation.CommonAnnotationBeanPostProcessor::findResourceMetadata (166 bytes)

GC Heap History (10 events):
Event: 2.611 GC heap before
{Heap before GC invocations=6 (full 1):
 PSYoungGen      total 68096K, used 2557K [0x00000000eb400000, 0x00000000f4700000, 0x0000000100000000)
  eden space 65536K, 0% used [0x00000000eb400000,0x00000000eb400000,0x00000000ef400000)
  from space 2560K, 99% used [0x00000000ef400000,0x00000000ef67f680,0x00000000ef680000)
  to   space 9728K, 0% used [0x00000000f3d80000,0x00000000f3d80000,0x00000000f4700000)
 ParOldGen       total 44032K, used 20378K [0x00000000c1c00000, 0x00000000c4700000, 0x00000000eb400000)
  object space 44032K, 46% used [0x00000000c1c00000,0x00000000c2fe6af8,0x00000000c4700000)
 Metaspace       used 20997K, capacity 21218K, committed 21296K, reserved 1069056K
  class space    used 2610K, capacity 2687K, committed 2688K, reserved 1048576K
Event: 2.697 GC heap after
Heap after GC invocations=6 (full 1):
 PSYoungGen      total 68096K, used 0K [0x00000000eb400000, 0x00000000f4700000, 0x0000000100000000)
  eden space 65536K, 0% used [0x00000000eb400000,0x00000000eb400000,0x00000000ef400000)
  from space 2560K, 0% used [0x00000000ef400000,0x00000000ef400000,0x00000000ef680000)
  to   space 9728K, 0% used [0x00000000f3d80000,0x00000000f3d80000,0x00000000f4700000)
 ParOldGen       total 52224K, used 17895K [0x00000000c1c00000, 0x00000000c4f00000, 0x00000000eb400000)
  object space 52224K, 34% used [0x00000000c1c00000,0x00000000c2d79f68,0x00000000c4f00000)
 Metaspace       used 20997K, capacity 21218K, committed 21296K, reserved 1069056K
  class space    used 2610K, capacity 2687K, committed 2688K, reserved 1048576K
}
Event: 3.651 GC heap before
{Heap before GC invocations=7 (full 1):
 PSYoungGen      total 68096K, used 65536K [0x00000000eb400000, 0x00000000f4700000, 0x0000000100000000)
  eden space 65536K, 100% used [0x00000000eb400000,0x00000000ef400000,0x00000000ef400000)
  from space 2560K, 0% used [0x00000000ef400000,0x00000000ef400000,0x00000000ef680000)
  to   space 9728K, 0% used [0x00000000f3d80000,0x00000000f3d80000,0x00000000f4700000)
 ParOldGen       total 52224K, used 17895K [0x00000000c1c00000, 0x00000000c4f00000, 0x00000000eb400000)
  object space 52224K, 34% used [0x00000000c1c00000,0x00000000c2d79f68,0x00000000c4f00000)
 Metaspace       used 25665K, capacity 25962K, committed 26112K, reserved 1073152K
  class space    used 3195K, capacity 3323K, committed 3328K, reserved 1048576K
Event: 3.661 GC heap after
Heap after GC invocations=7 (full 1):
 PSYoungGen      total 93184K, used 5849K [0x00000000eb400000, 0x00000000f4380000, 0x0000000100000000)
  eden space 87040K, 0% used [0x00000000eb400000,0x00000000eb400000,0x00000000f0900000)
  from space 6144K, 95% used [0x00000000f3d80000,0x00000000f4336710,0x00000000f4380000)
  to   space 9216K, 0% used [0x00000000f3180000,0x00000000f3180000,0x00000000f3a80000)
 ParOldGen       total 52224K, used 17903K [0x00000000c1c00000, 0x00000000c4f00000, 0x00000000eb400000)
  object space 52224K, 34% used [0x00000000c1c00000,0x00000000c2d7bf68,0x00000000c4f00000)
 Metaspace       used 25665K, capacity 25962K, committed 26112K, reserved 1073152K
  class space    used 3195K, capacity 3323K, committed 3328K, reserved 1048576K
}
Event: 4.738 GC heap before
{Heap before GC invocations=8 (full 1):
 PSYoungGen      total 93184K, used 92889K [0x00000000eb400000, 0x00000000f4380000, 0x0000000100000000)
  eden space 87040K, 100% used [0x00000000eb400000,0x00000000f0900000,0x00000000f0900000)
  from space 6144K, 95% used [0x00000000f3d80000,0x00000000f4336710,0x00000000f4380000)
  to   space 9216K, 0% used [0x00000000f3180000,0x00000000f3180000,0x00000000f3a80000)
 ParOldGen       total 52224K, used 17903K [0x00000000c1c00000, 0x00000000c4f00000, 0x00000000eb400000)
  object space 52224K, 34% used [0x00000000c1c00000,0x00000000c2d7bf68,0x00000000c4f00000)
 Metaspace       used 29506K, capacity 29906K, committed 30208K, reserved 1075200K
  class space    used 3671K, capacity 3815K, committed 3840K, reserved 1048576K
Event: 4.751 GC heap after
Heap after GC invocations=8 (full 1):
 PSYoungGen      total 123392K, used 8762K [0x00000000eb400000, 0x00000000f3e00000, 0x0000000100000000)
  eden space 114176K, 0% used [0x00000000eb400000,0x00000000eb400000,0x00000000f2380000)
  from space 9216K, 95% used [0x00000000f3180000,0x00000000f3a0ea10,0x00000000f3a80000)
  to   space 3584K, 0% used [0x00000000f3a80000,0x00000000f3a80000,0x00000000f3e00000)
 ParOldGen       total 52224K, used 17911K [0x00000000c1c00000, 0x00000000c4f00000, 0x00000000eb400000)
  object space 52224K, 34% used [0x00000000c1c00000,0x00000000c2d7df68,0x00000000c4f00000)
 Metaspace       used 29506K, capacity 29906K, committed 30208K, reserved 1075200K
  class space    used 3671K, capacity 3815K, committed 3840K, reserved 1048576K
}
Event: 6.460 GC heap before
{Heap before GC invocations=9 (full 1):
 PSYoungGen      total 123392K, used 99644K [0x00000000eb400000, 0x00000000f3e00000, 0x0000000100000000)
  eden space 114176K, 79% used [0x00000000eb400000,0x00000000f0cc0780,0x00000000f2380000)
  from space 9216K, 95% used [0x00000000f3180000,0x00000000f3a0ea10,0x00000000f3a80000)
  to   space 3584K, 0% used [0x00000000f3a80000,0x00000000f3a80000,0x00000000f3e00000)
 ParOldGen       total 52224K, used 17911K [0x00000000c1c00000, 0x00000000c4f00000, 0x00000000eb400000)
  object space 52224K, 34% used [0x00000000c1c00000,0x00000000c2d7df68,0x00000000c4f00000)
 Metaspace       used 34907K, capacity 35266K, committed 35456K, reserved 1081344K
  class space    used 4337K, capacity 4463K, committed 4480K, reserved 1048576K
Event: 6.489 GC heap after
Heap after GC invocations=9 (full 1):
 PSYoungGen      total 129024K, used 3572K [0x00000000eb400000, 0x00000000f5f00000, 0x0000000100000000)
  eden space 125440K, 0% used [0x00000000eb400000,0x00000000eb400000,0x00000000f2e80000)
  from space 3584K, 99% used [0x00000000f3a80000,0x00000000f3dfd150,0x00000000f3e00000)
  to   space 12288K, 0% used [0x00000000f2e80000,0x00000000f2e80000,0x00000000f3a80000)
 ParOldGen       total 52224K, used 27509K [0x00000000c1c00000, 0x00000000c4f00000, 0x00000000eb400000)
  object space 52224K, 52% used [0x00000000c1c00000,0x00000000c36dd690,0x00000000c4f00000)
 Metaspace       used 34907K, capacity 35266K, committed 35456K, reserved 1081344K
  class space    used 4337K, capacity 4463K, committed 4480K, reserved 1048576K
}
Event: 6.489 GC heap before
{Heap before GC invocations=10 (full 2):
 PSYoungGen      total 129024K, used 3572K [0x00000000eb400000, 0x00000000f5f00000, 0x0000000100000000)
  eden space 125440K, 0% used [0x00000000eb400000,0x00000000eb400000,0x00000000f2e80000)
  from space 3584K, 99% used [0x00000000f3a80000,0x00000000f3dfd150,0x00000000f3e00000)
  to   space 12288K, 0% used [0x00000000f2e80000,0x00000000f2e80000,0x00000000f3a80000)
 ParOldGen       total 52224K, used 27509K [0x00000000c1c00000, 0x00000000c4f00000, 0x00000000eb400000)
  object space 52224K, 52% used [0x00000000c1c00000,0x00000000c36dd690,0x00000000c4f00000)
 Metaspace       used 34907K, capacity 35266K, committed 35456K, reserved 1081344K
  class space    used 4337K, capacity 4463K, committed 4480K, reserved 1048576K
Event: 6.647 GC heap after
Heap after GC invocations=10 (full 2):
 PSYoungGen      total 129024K, used 0K [0x00000000eb400000, 0x00000000f5f00000, 0x0000000100000000)
  eden space 125440K, 0% used [0x00000000eb400000,0x00000000eb400000,0x00000000f2e80000)
  from space 3584K, 0% used [0x00000000f3a80000,0x00000000f3a80000,0x00000000f3e00000)
  to   space 12288K, 0% used [0x00000000f2e80000,0x00000000f2e80000,0x00000000f3a80000)
 ParOldGen       total 52224K, used 24174K [0x00000000c1c00000, 0x00000000c4f00000, 0x00000000eb400000)
  object space 52224K, 46% used [0x00000000c1c00000,0x00000000c339b8f8,0x00000000c4f00000)
 Metaspace       used 34907K, capacity 35266K, committed 35456K, reserved 1081344K
  class space    used 4337K, capacity 4463K, committed 4480K, reserved 1048576K
}

Deoptimization events (10 events):
Event: 7.375 Thread 0x0000000002974000 Uncommon trap: reason=bimorphic action=maybe_recompile pc=0x000000000fc5c8e0 method=sun.reflect.generics.reflectiveObjects.WildcardTypeImpl.getUpperBounds()[Ljava/lang/reflect/Type; @ 37
Event: 7.376 Thread 0x0000000002974000 Uncommon trap: reason=bimorphic action=maybe_recompile pc=0x000000000fc5c8e0 method=sun.reflect.generics.reflectiveObjects.WildcardTypeImpl.getUpperBounds()[Ljava/lang/reflect/Type; @ 37
Event: 7.467 Thread 0x0000000002974000 Uncommon trap: reason=unstable_if action=reinterpret pc=0x000000000fbbb178 method=java.util.concurrent.ConcurrentHashMap.putVal(Ljava/lang/Object;Ljava/lang/Object;Z)Ljava/lang/Object; @ 331
Event: 7.481 Thread 0x0000000002974000 Uncommon trap: reason=unstable_if action=reinterpret pc=0x000000000fa9f100 method=java.util.concurrent.ConcurrentHashMap.get(Ljava/lang/Object;)Ljava/lang/Object; @ 86
Event: 7.627 Thread 0x0000000002974000 Uncommon trap: reason=unstable_if action=reinterpret pc=0x000000000f21bacc method=java.util.WeakHashMap.put(Ljava/lang/Object;Ljava/lang/Object;)Ljava/lang/Object; @ 47
Event: 8.018 Thread 0x0000000002974000 Uncommon trap: reason=class_check action=maybe_recompile pc=0x000000000facbb58 method=java.lang.reflect.Executable.getAnnotation(Ljava/lang/Class;)Ljava/lang/annotation/Annotation; @ 19
Event: 8.019 Thread 0x0000000002974000 Uncommon trap: reason=class_check action=maybe_recompile pc=0x000000000facbb58 method=java.lang.reflect.Executable.getAnnotation(Ljava/lang/Class;)Ljava/lang/annotation/Annotation; @ 19
Event: 8.019 Thread 0x0000000002974000 Uncommon trap: reason=class_check action=maybe_recompile pc=0x000000000facbb58 method=java.lang.reflect.Executable.getAnnotation(Ljava/lang/Class;)Ljava/lang/annotation/Annotation; @ 19
Event: 8.181 Thread 0x0000000002974000 Uncommon trap: reason=unstable_if action=reinterpret pc=0x000000000f1e34f4 method=java.util.concurrent.ConcurrentHashMap.transfer([Ljava/util/concurrent/ConcurrentHashMap$Node;[Ljava/util/concurrent/ConcurrentHashMap$Node;)V @ 356
Event: 8.181 Thread 0x0000000002974000 Uncommon trap: reason=unstable_if action=reinterpret pc=0x000000000f712ebc method=java.util.concurrent.ConcurrentHashMap.transfer([Ljava/util/concurrent/ConcurrentHashMap$Node;[Ljava/util/concurrent/ConcurrentHashMap$Node;)V @ 356

Internal exceptions (10 events):
Event: 8.380 Thread 0x0000000002974000 Exception <a 'java/lang/ClassNotFoundException': org/springframework/boot/autoconfigure/jdbc/metadata/DataSourcePoolMetadataProvidersConfiguration$TomcatDataSourcePoolMetadataProviderConfigurationCustomizer> (0x00000000f1d0fd80) thrown at [D:\re\puppet\worx˛Xv#√ @
Event: 8.381 Thread 0x0000000002974000 Exception <a 'java/lang/ClassNotFoundException': org/springframework/boot/autoconfigure/jdbc/metadata/DataSourcePoolMetadataProvidersConfiguration$TomcatDataSourcePoolMetadataProviderConfiguration$$EnhancerBySpringCGLIB$$1c7806cCustomizer> (0x00000000f1d38´J:!à√ @
Event: 8.382 Thread 0x0000000002974000 Exception <a 'java/lang/ClassNotFoundException': org/springframework/context/annotation/ConfigurationClassEnhancer$EnhancedConfigurationCustomizer> (0x00000000f1d56eb8) thrown at [D:\re\puppet\workspace\8-2-build-windows-amd64-cygwin\jdk8u73\6086\hotspot\sù •ﬂ‘∆ @
Event: 8.388 Thread 0x0000000002974000 Exception <a 'java/lang/ClassNotFoundException': java/lang/ObjectCustomizer> (0x00000000f1dd3e58) thrown at [D:\re\puppet\workspace\8-2-build-windows-amd64-cygwin\jdk8u73\6086\hotspot\src\share\vm\classfile\systemDictionary.cpp, line 210]
Event: 8.389 Thread 0x0000000002974000 Exception <a 'java/lang/ClassNotFoundException': org/springframework/boot/autoconfigure/jdbc/metadata/DataSourcePoolMetadataProvidersConfiguration$TomcatDataSourcePoolMetadataProviderConfiguration$1Customizer> (0x00000000f1df8948) thrown at [D:\re\puppet\wK,∂Eå« @
Event: 8.390 Thread 0x0000000002974000 Exception <a 'java/lang/ClassNotFoundException': org/springframework/boot/autoconfigure/jdbc/metadata/DataSourcePoolMetadataProviderCustomizer> (0x00000000f1e10fb0) thrown at [D:\re\puppet\workspace\8-2-build-windows-amd64-cygwin\jdk8u73\6086\hotspot\src\sm8Cˇ[» @
Event: 8.391 Thread 0x0000000002974000 Exception <a 'java/lang/ClassNotFoundException': java/lang/ObjectCustomizer> (0x00000000f1e1d808) thrown at [D:\re\puppet\workspace\8-2-build-windows-amd64-cygwin\jdk8u73\6086\hotspot\src\share\vm\classfile\systemDictionary.cpp, line 210]
Event: 8.392 Thread 0x0000000002974000 Exception <a 'java/lang/ClassNotFoundException': org/springframework/boot/autoconfigure/jdbc/metadata/DataSourcePoolMetadataProvidersConfigurationCustomizer> (0x00000000f1e393e8) thrown at [D:\re\puppet\workspace\8-2-build-windows-amd64-cygwin\jdk8u73\6086
Event: 8.393 Thread 0x0000000002974000 Exception <a 'java/lang/ClassNotFoundException': org/springframework/boot/autoconfigure/jdbc/metadata/DataSourcePoolMetadataProvidersConfiguration$$EnhancerBySpringCGLIB$$7f527a7fCustomizer> (0x00000000f1e583a8) thrown at [D:\re\puppet\workspace\8-2-build-ºÖ\z… @
Event: 8.394 Thread 0x0000000002974000 Exception <a 'java/lang/ClassNotFoundException': org/springframework/context/annotation/ConfigurationClassEnhancer$EnhancedConfigurationCustomizer> (0x00000000f1e74d20) thrown at [D:\re\puppet\workspace\8-2-build-windows-amd64-cygwin\jdk8u73\6086\hotspot\s—Ÿæ¬ @

Events (10 events):
Event: 8.392 loading class org/springframework/boot/autoconfigure/jdbc/metadata/DataSourcePoolMetadataProvidersConfiguration$$EnhancerBySpringCGLIB$$7f527a7fCustomizer
Event: 8.392 loading class org/springframework/boot/autoconfigure/jdbc/metadata/DataSourcePoolMetadataProvidersConfiguration$$EnhancerBySpringCGLIB$$7f527a7fCustomizer done
Event: 8.393 loading class org/springframework/boot/autoconfigure/jdbc/metadata/DataSourcePoolMetadataProvidersConfiguration$$EnhancerBySpringCGLIB$$7f527a7fCustomizer
Event: 8.393 loading class org/springframework/boot/autoconfigure/jdbc/metadata/DataSourcePoolMetadataProvidersConfiguration$$EnhancerBySpringCGLIB$$7f527a7fCustomizer done
Event: 8.393 loading class org/springframework/context/annotation/ConfigurationClassEnhancer$EnhancedConfigurationCustomizer
Event: 8.393 loading class org/springframework/context/annotation/ConfigurationClassEnhancer$EnhancedConfigurationCustomizer done
Event: 8.393 loading class org/springframework/context/annotation/ConfigurationClassEnhancer$EnhancedConfigurationCustomizer
Event: 8.393 loading class org/springframework/context/annotation/ConfigurationClassEnhancer$EnhancedConfigurationCustomizer done
Event: 8.393 loading class org/springframework/context/annotation/ConfigurationClassEnhancer$EnhancedConfigurationCustomizer
Event: 8.393 loading class org/springframework/context/annotation/ConfigurationClassEnhancer$EnhancedConfigurationCustomizer done


Dynamic libraries:
0x00007ff70c860000 - 0x00007ff70c897000 	C:\Program Files\Java\jdk1.8.0_73\bin\javaw.exe
0x00007ffd11ce0000 - 0x00007ffd11ea1000 	C:\Windows\SYSTEM32\ntdll.dll
0x00007ffd108f0000 - 0x00007ffd1099d000 	C:\Windows\system32\KERNEL32.DLL
0x00007ffd0e450000 - 0x00007ffd0e638000 	C:\Windows\system32\KERNELBASE.dll
0x00007ffd107a0000 - 0x00007ffd10847000 	C:\Windows\system32\ADVAPI32.dll
0x00007ffd11a80000 - 0x00007ffd11b1d000 	C:\Windows\system32\msvcrt.dll
0x00007ffd10890000 - 0x00007ffd108eb000 	C:\Windows\system32\sechost.dll
0x00007ffd10ba0000 - 0x00007ffd10cbc000 	C:\Windows\system32\RPCRT4.dll
0x00007ffd11910000 - 0x00007ffd11a66000 	C:\Windows\system32\USER32.dll
0x00007ffd10cc0000 - 0x00007ffd10e46000 	C:\Windows\system32\GDI32.dll
0x00007ffd08a90000 - 0x00007ffd08d04000 	C:\Windows\WinSxS\amd64_microsoft.windows.common-controls_6595b64144ccf1df_6.0.10586.839_none_a2ddba30a539a2ae\COMCTL32.dll
0x00007ffd10ed0000 - 0x00007ffd1114d000 	C:\Windows\system32\combase.dll
0x00007ffd0e390000 - 0x00007ffd0e3fa000 	C:\Windows\system32\bcryptPrimitives.dll
0x00007ffd10850000 - 0x00007ffd1088b000 	C:\Windows\system32\IMM32.DLL
0x00007ffd0e1f0000 - 0x00007ffd0e221000 	C:\Windows\system32\nvinitx.dll
0x00007ffd0e1e0000 - 0x00007ffd0e1ea000 	C:\Windows\SYSTEM32\VERSION.dll
0x000000000f000000 - 0x000000000f006000 	C:\Program Files\NVIDIA Corporation\CoProcManager\_etoured.dll
0x00007ffd0c250000 - 0x00007ffd0c282000 	C:\Program Files\NVIDIA Corporation\CoProcManager\nvd3d9wrapx.dll
0x00007ffd11150000 - 0x00007ffd11579000 	C:\Windows\system32\SETUPAPI.dll
0x00007ffd0e400000 - 0x00007ffd0e443000 	C:\Windows\system32\CFGMGR32.dll
0x00007ffd0c220000 - 0x00007ffd0c242000 	C:\Program Files\NVIDIA Corporation\CoProcManager\nvdxgiwrapx.dll
0x0000000061690000 - 0x0000000061762000 	C:\Program Files\Java\jdk1.8.0_73\jre\bin\msvcr100.dll
0x00000000624b0000 - 0x0000000062d40000 	C:\Program Files\Java\jdk1.8.0_73\jre\bin\server\jvm.dll
0x00007ffd10e50000 - 0x00007ffd10e58000 	C:\Windows\system32\PSAPI.DLL
0x00007ffd05310000 - 0x00007ffd05319000 	C:\Windows\SYSTEM32\WSOCK32.dll
0x00007ffd10a60000 - 0x00007ffd10acb000 	C:\Windows\system32\WS2_32.dll
0x00007ffd0c500000 - 0x00007ffd0c523000 	C:\Windows\SYSTEM32\WINMM.dll
0x00007ffd0c4d0000 - 0x00007ffd0c4fc000 	C:\Windows\SYSTEM32\WINMMBASE.dll
0x0000000063420000 - 0x000000006342f000 	C:\Program Files\Java\jdk1.8.0_73\jre\bin\verify.dll
0x00000000633f0000 - 0x0000000063419000 	C:\Program Files\Java\jdk1.8.0_73\jre\bin\java.dll
0x00000000633d0000 - 0x00000000633e6000 	C:\Program Files\Java\jdk1.8.0_73\jre\bin\zip.dll
0x00007ffd0f230000 - 0x00007ffd1078c000 	C:\Windows\system32\SHELL32.dll
0x00007ffd0e8c0000 - 0x00007ffd0ef04000 	C:\Windows\system32\windows.storage.dll
0x00007ffd10a00000 - 0x00007ffd10a52000 	C:\Windows\system32\shlwapi.dll
0x00007ffd0e330000 - 0x00007ffd0e33f000 	C:\Windows\system32\kernel.appcore.dll
0x00007ffd0ef10000 - 0x00007ffd0efc5000 	C:\Windows\system32\shcore.dll
0x0000000000f20000 - 0x0000000000f6b000 	C:\Windows\system32\powrprof.dll
0x00007ffd0e300000 - 0x00007ffd0e314000 	C:\Windows\system32\profapi.dll
0x0000000061670000 - 0x000000006167d000 	C:\Program Files\Java\jdk1.8.0_73\jre\bin\management.dll
0x0000000062490000 - 0x00000000624aa000 	C:\Program Files\Java\jdk1.8.0_73\jre\bin\net.dll
0x00007ffd0db80000 - 0x00007ffd0dbdc000 	C:\Windows\system32\mswsock.dll
0x0000000062470000 - 0x0000000062481000 	C:\Program Files\Java\jdk1.8.0_73\jre\bin\nio.dll
0x00007ffcfff10000 - 0x00007ffcfff26000 	C:\Windows\system32\napinsp.dll
0x00007ffcffef0000 - 0x00007ffcfff0a000 	C:\Windows\system32\pnrpnsp.dll
0x00007ffd0c0b0000 - 0x00007ffd0c0c8000 	C:\Windows\system32\NLAapi.dll
0x00007ffd0cd20000 - 0x00007ffd0cdca000 	C:\Windows\SYSTEM32\DNSAPI.dll
0x00007ffd10790000 - 0x00007ffd10798000 	C:\Windows\system32\NSI.dll
0x00007ffcffee0000 - 0x00007ffcffeed000 	C:\Windows\System32\winrnr.dll
0x00007ffcffec0000 - 0x00007ffcffed5000 	C:\Windows\System32\wshbth.dll
0x00007ffd02580000 - 0x00007ffd0258a000 	C:\Windows\System32\rasadhlp.dll
0x00007ffd0af10000 - 0x00007ffd0af48000 	C:\Windows\SYSTEM32\IPHLPAPI.DLL
0x00007ffd05b80000 - 0x00007ffd05be7000 	C:\Windows\System32\fwpuclnt.dll
0x00007ffd0e230000 - 0x00007ffd0e259000 	C:\Windows\SYSTEM32\bcrypt.dll
0x00007ffd0dc30000 - 0x00007ffd0dc47000 	C:\Windows\SYSTEM32\CRYPTSP.dll
0x00007ffd0d8c0000 - 0x00007ffd0d8f4000 	C:\Windows\system32\rsaenh.dll
0x00007ffd0da10000 - 0x00007ffd0da2f000 	C:\Windows\SYSTEM32\USERENV.dll
0x00007ffd0dd50000 - 0x00007ffd0dd5b000 	C:\Windows\SYSTEM32\CRYPTBASE.dll
0x00007ffd04f80000 - 0x00007ffd04f96000 	C:\Windows\SYSTEM32\dhcpcsvc6.DLL
0x00007ffd050b0000 - 0x00007ffd050ca000 	C:\Windows\SYSTEM32\dhcpcsvc.DLL
0x0000000062440000 - 0x0000000062464000 	C:\Program Files\Java\jdk1.8.0_73\jre\bin\sunec.dll
0x0000000061680000 - 0x000000006168b000 	C:\Program Files\Java\jdk1.8.0_73\jre\bin\sunmscapi.dll
0x00007ffd0e640000 - 0x00007ffd0e808000 	C:\Windows\system32\CRYPT32.dll
0x00007ffd0e320000 - 0x00007ffd0e330000 	C:\Windows\system32\MSASN1.dll

VM Arguments:
jvm_args: -Dcom.sun.management.jmxremote -Dcom.sun.management.jmxremote.port=54067 -Dcom.sun.management.jmxremote.authenticate=false -Dcom.sun.management.jmxremote.ssl=false -Dspring.liveBeansView.mbeanDomain -Dspring.application.admin.enabled=true -Dfile.encoding=UTF-8 
java_command: com.bsep.proj.BsepprojApplication
java_class_path (initial): C:\Users\me\Downloads\bsepproj\target\classes;C:\Users\me\Downloads\bsepproj\lib\bcprov-jdk15on-1.56.jar;C:\Users\me\.m2\repository\org\springframework\boot\spring-boot-starter-data-jpa\1.5.3.RELEASE\spring-boot-starter-data-jpa-1.5.3.RELEASE.jar;C:\Users\me\.m2\repository\org\springframework\boot\spring-boot-starter\1.5.3.RELEASE\spring-boot-starter-1.5.3.RELEASE.jar;C:\Users\me\.m2\repository\org\springframework\boot\spring-boot\1.5.3.RELEASE\spring-boot-1.5.3.RELEASE.jar;C:\Users\me\.m2\repository\org\springframework\boot\spring-boot-autoconfigure\1.5.3.RELEASE\spring-boot-autoconfigure-1.5.3.RELEASE.jar;C:\Users\me\.m2\repository\org\springframework\boot\spring-boot-starter-logging\1.5.3.RELEASE\spring-boot-starter-logging-1.5.3.RELEASE.jar;C:\Users\me\.m2\repository\ch\qos\logback\logback-classic\1.1.11\logback-classic-1.1.11.jar;C:\Users\me\.m2\repository\ch\qos\logback\logback-core\1.1.11\logback-core-1.1.11.jar;C:\Users\me\.m2\repository\org\slf4j\jul-to-slf4j\1.7.25\jul-to-slf4j-1.7.25.jar;C:\Users\me\.m2\repository\org\slf4j\log4j-over-slf4j\1.7.25\log4j-over-slf4j-1.7.25.jar;C:\Users\me\.m2\repository\org\yaml\snakeyaml\1.17\snakeyaml-1.17.jar;C:\Users\me\.m2\repository\org\springframework\boot\spring-boot-starter-aop\1.5.3.RELEASE\spring-boot-starter-aop-1.5.3.RELEASE.jar;C:\Users\me\.m2\repository\org\springframework\spring-aop\4.3.8.RELEASE\spring-aop-4.3.8.RELEASE.jar;C:\Users\me\.m2\repository\org\aspectj\aspectjweaver\1.8.10\aspectjweaver-1.8.10.jar;C:\Users\me\.m2\repository\org\springframework\boot\spring-boot-starter-jdbc\1.5.3.RELEASE\spring-boot-starter-jdbc-1.5.3.RELEASE.jar;C:\Users\me\.m2\repository\org\apache\tomcat\tomcat-jdbc\8.5.14\tomcat-jdbc-8.5.14.jar;C:\Users\me\.m2\repository\org\apache\tomcat\tomcat-juli\8.5.14\tomcat-juli-8.5.14.jar;C:\Users\me\.m2\repository\org\springframework\spring-jdbc\4.3.8.RELEASE\spring-jdbc-4.3.8.RELEASE.jar;C:\Users\me\.m2\repository\org\hibernate\hibernate-core\5.0.12.Final\
Launcher Type: SUN_STANDARD

Environment Variables:
JAVA_HOME=C:\Program Files\Java\jdk1.8.0_73
JRE_HOME=C:\Program Files\Java\jdk1.8.0_73
PATH=C:/Program Files/Java/jdk1.8.0_73/jre/bin/server;C:/Program Files/Java/jdk1.8.0_73/jre/bin;C:/Program Files/Java/jdk1.8.0_73/jre/lib/amd64;C:\ProgramData\Oracle\Java\javapath;C:\Program Files\Java\jdk1.8.0_73\bin\bin;C:\Windows\system32;C:\Windows;C:\Windows\System32\Wbem;C:\Windows\System32\WindowsPowerShell\v1.0\;C:\Program Files\Microsoft\Web Platform Installer\;C:\Program Files (x86)\Microsoft ASP.NET\ASP.NET Web Pages\v1.0\;C:\Program Files (x86)\Windows Kits\8.0\Windows Performance Toolkit\;C:\Program Files\Microsoft SQL Server\110\Tools\Binn\;C:\Program Files (x86)\Skype\Phone\;D:\__progs__\MATLAB2013\runtime\win64;D:\__progs__\MATLAB2013\bin;C:\Program Files\CMake\bin;C:\Program Files\Git\cmd;C:\Program Files (x86)\Microsoft SQL Server\Client SDK\ODBC\110\Tools\Binn\;C:\Program Files (x86)\Microsoft SQL Server\120\Tools\Binn\ManagementStudio\;C:\Program Files (x86)\Microsoft SQL Server\120\Tools\Binn\;C:\Program Files (x86)\Microsoft SQL Server\120\DTS\Binn\;D:\anaconda;D:\anaconda\Scripts;D:\anaconda\Library\bin;C:\Users\me\Desktop\spring-1.4.2.RELEASE\bin;D:\__progs__\Microsoft VS Code\bin;I:\play-1.4.4;I:\play-1.4.4\python;C:\Users\me\Desktop\apps;
USERNAME=me
OS=Windows_NT
PROCESSOR_IDENTIFIER=Intel64 Family 6 Model 58 Stepping 9, GenuineIntel



---------------  S Y S T E M  ---------------

OS: Windows 10.0 , 64 bit Build 10586 (10.0.10586.589)

CPU:total 4 (2 cores per cpu, 2 threads per core) family 6 model 58 stepping 9, cmov, cx8, fxsr, mmx, sse, sse2, sse3, ssse3, sse4.1, sse4.2, popcnt, avx, clmul, erms, ht, tsc, tscinvbit, tscinv

Memory: 4k page, physical 4076960k(664120k free), swap 6413276k(5560k free)

vm_info: Java HotSpot(TM) 64-Bit Server VM (25.73-b02) for windows-amd64 JRE (1.8.0_73-b02), built on Jan 29 2016 17:38:49 by "java_re" with MS VC++ 10.0 (VS2010)

time: Wed May 10 00:39:59 2017
elapsed time: 8 seconds (0d 0h 0m 8s)

